<?xml version="1.0" encoding="UTF-8" standalone="no"?><!DOCTYPE report PUBLIC "-//JACOCO//DTD Report 1.1//EN" "report.dtd">
<report name="Pester (10/25/2020 20:25:34)">
    <sessioninfo id="this" start="1603657516246" dump="1603657534493" />
    <package name="integration">
        <class name="integration/setup" sourcefilename="setup.ps1">
            <method name="&lt;script&gt;" desc="()" line="1">
                <counter type="INSTRUCTION" missed="2" covered="4" />
                <counter type="LINE" missed="2" covered="3" />
                <counter type="METHOD" missed="0" covered="1" />
            </method>
            <counter type="INSTRUCTION" missed="2" covered="4" />
            <counter type="LINE" missed="2" covered="3" />
            <counter type="METHOD" missed="0" covered="1" />
            <counter type="CLASS" missed="0" covered="1" />
        </class>
        <sourcefile name="setup.ps1">
            <line nr="1" mi="0" ci="1" mb="0" cb="0" />
            <line nr="2" mi="1" ci="0" mb="0" cb="0" />
            <line nr="4" mi="0" ci="1" mb="0" cb="0" />
            <line nr="5" mi="1" ci="0" mb="0" cb="0" />
            <line nr="7" mi="0" ci="2" mb="0" cb="0" />
            <counter type="INSTRUCTION" missed="2" covered="4" />
            <counter type="LINE" missed="2" covered="3" />
            <counter type="METHOD" missed="0" covered="1" />
            <counter type="CLASS" missed="0" covered="1" />
        </sourcefile>
        <counter type="INSTRUCTION" missed="2" covered="4" />
        <counter type="LINE" missed="2" covered="3" />
        <counter type="METHOD" missed="0" covered="1" />
        <counter type="CLASS" missed="0" covered="1" />
    </package>
    <counter type="INSTRUCTION" missed="2" covered="4" />
    <counter type="LINE" missed="2" covered="3" />
    <counter type="METHOD" missed="0" covered="1" />
    <counter type="CLASS" missed="0" covered="1" />
</report>
